  main.cpp
d:\github\opengl_that_star_is_my_star\that_star_is_my_star\that_star_is_my_star\main.cpp(317): warning C4244: '인수': 'double'에서 'float'(으)로 변환하면서 데이터가 손실될 수 있습니다.
d:\github\opengl_that_star_is_my_star\that_star_is_my_star\that_star_is_my_star\main.cpp(318): warning C4244: '인수': 'double'에서 'float'(으)로 변환하면서 데이터가 손실될 수 있습니다.
d:\github\opengl_that_star_is_my_star\that_star_is_my_star\that_star_is_my_star\main.cpp(319): warning C4244: '인수': 'double'에서 'float'(으)로 변환하면서 데이터가 손실될 수 있습니다.
d:\github\opengl_that_star_is_my_star\that_star_is_my_star\that_star_is_my_star\main.cpp(328): warning C4244: '인수': 'double'에서 'GLfloat'(으)로 변환하면서 데이터가 손실될 수 있습니다.
d:\github\opengl_that_star_is_my_star\that_star_is_my_star\that_star_is_my_star\main.cpp(329): warning C4244: '인수': 'double'에서 'GLfloat'(으)로 변환하면서 데이터가 손실될 수 있습니다.
d:\github\opengl_that_star_is_my_star\that_star_is_my_star\that_star_is_my_star\main.cpp(330): warning C4244: '인수': 'double'에서 'GLfloat'(으)로 변환하면서 데이터가 손실될 수 있습니다.
d:\github\opengl_that_star_is_my_star\that_star_is_my_star\that_star_is_my_star\main.cpp(331): warning C4244: '인수': 'double'에서 'GLfloat'(으)로 변환하면서 데이터가 손실될 수 있습니다.
d:\github\opengl_that_star_is_my_star\that_star_is_my_star\that_star_is_my_star\main.cpp(462): warning C4244: '인수': 'double'에서 'float'(으)로 변환하면서 데이터가 손실될 수 있습니다.
d:\github\opengl_that_star_is_my_star\that_star_is_my_star\that_star_is_my_star\main.cpp(463): warning C4244: '인수': 'double'에서 'float'(으)로 변환하면서 데이터가 손실될 수 있습니다.
d:\github\opengl_that_star_is_my_star\that_star_is_my_star\that_star_is_my_star\main.cpp(536): warning C4244: '=': 'float'에서 'int'(으)로 변환하면서 데이터가 손실될 수 있습니다.
d:\github\opengl_that_star_is_my_star\that_star_is_my_star\that_star_is_my_star\main.cpp(539): warning C4244: '=': 'float'에서 'int'(으)로 변환하면서 데이터가 손실될 수 있습니다.
d:\github\opengl_that_star_is_my_star\that_star_is_my_star\that_star_is_my_star\main.cpp(542): warning C4244: '=': 'float'에서 'int'(으)로 변환하면서 데이터가 손실될 수 있습니다.
d:\github\opengl_that_star_is_my_star\that_star_is_my_star\that_star_is_my_star\main.cpp(543): warning C4244: '=': 'float'에서 'int'(으)로 변환하면서 데이터가 손실될 수 있습니다.
d:\github\opengl_that_star_is_my_star\that_star_is_my_star\that_star_is_my_star\main.cpp(559): warning C4244: '=': 'float'에서 'int'(으)로 변환하면서 데이터가 손실될 수 있습니다.
d:\github\opengl_that_star_is_my_star\that_star_is_my_star\that_star_is_my_star\main.cpp(561): warning C4244: '=': 'float'에서 'int'(으)로 변환하면서 데이터가 손실될 수 있습니다.
d:\github\opengl_that_star_is_my_star\that_star_is_my_star\that_star_is_my_star\main.cpp(563): warning C4244: '=': 'float'에서 'int'(으)로 변환하면서 데이터가 손실될 수 있습니다.
d:\github\opengl_that_star_is_my_star\that_star_is_my_star\that_star_is_my_star\main.cpp(564): warning C4244: '=': 'float'에서 'int'(으)로 변환하면서 데이터가 손실될 수 있습니다.
d:\github\opengl_that_star_is_my_star\that_star_is_my_star\that_star_is_my_star\main.cpp(578): warning C4244: '=': 'int'에서 'float'(으)로 변환하면서 데이터가 손실될 수 있습니다.
d:\github\opengl_that_star_is_my_star\that_star_is_my_star\that_star_is_my_star\main.cpp(579): warning C4244: '=': 'int'에서 'float'(으)로 변환하면서 데이터가 손실될 수 있습니다.
d:\github\opengl_that_star_is_my_star\that_star_is_my_star\that_star_is_my_star\main.cpp(601): warning C4244: '=': 'double'에서 'float'(으)로 변환하면서 데이터가 손실될 수 있습니다.
d:\github\opengl_that_star_is_my_star\that_star_is_my_star\that_star_is_my_star\main.cpp(618): warning C4244: '인수': 'double'에서 'float'(으)로 변환하면서 데이터가 손실될 수 있습니다.
d:\github\opengl_that_star_is_my_star\that_star_is_my_star\that_star_is_my_star\main.cpp(619): warning C4244: '인수': 'double'에서 'float'(으)로 변환하면서 데이터가 손실될 수 있습니다.
d:\github\opengl_that_star_is_my_star\that_star_is_my_star\that_star_is_my_star\main.cpp(620): warning C4244: '인수': 'double'에서 'float'(으)로 변환하면서 데이터가 손실될 수 있습니다.
d:\github\opengl_that_star_is_my_star\that_star_is_my_star\that_star_is_my_star\main.cpp(629): warning C4244: '인수': 'double'에서 'float'(으)로 변환하면서 데이터가 손실될 수 있습니다.
d:\github\opengl_that_star_is_my_star\that_star_is_my_star\that_star_is_my_star\main.cpp(630): warning C4244: '인수': 'double'에서 'float'(으)로 변환하면서 데이터가 손실될 수 있습니다.
d:\github\opengl_that_star_is_my_star\that_star_is_my_star\that_star_is_my_star\main.cpp(631): warning C4244: '인수': 'double'에서 'float'(으)로 변환하면서 데이터가 손실될 수 있습니다.
d:\github\opengl_that_star_is_my_star\that_star_is_my_star\that_star_is_my_star\main.cpp(634): warning C4244: '인수': 'double'에서 'float'(으)로 변환하면서 데이터가 손실될 수 있습니다.
d:\github\opengl_that_star_is_my_star\that_star_is_my_star\that_star_is_my_star\main.cpp(635): warning C4244: '인수': 'double'에서 'float'(으)로 변환하면서 데이터가 손실될 수 있습니다.
d:\github\opengl_that_star_is_my_star\that_star_is_my_star\that_star_is_my_star\main.cpp(636): warning C4244: '인수': 'double'에서 'float'(으)로 변환하면서 데이터가 손실될 수 있습니다.
d:\github\opengl_that_star_is_my_star\that_star_is_my_star\that_star_is_my_star\main.cpp(748): warning C4244: '=': 'float'에서 'int'(으)로 변환하면서 데이터가 손실될 수 있습니다.
d:\github\opengl_that_star_is_my_star\that_star_is_my_star\that_star_is_my_star\main.cpp(751): warning C4244: '=': 'float'에서 'int'(으)로 변환하면서 데이터가 손실될 수 있습니다.
d:\github\opengl_that_star_is_my_star\that_star_is_my_star\that_star_is_my_star\main.cpp(754): warning C4244: '=': 'float'에서 'int'(으)로 변환하면서 데이터가 손실될 수 있습니다.
d:\github\opengl_that_star_is_my_star\that_star_is_my_star\that_star_is_my_star\main.cpp(755): warning C4244: '=': 'float'에서 'int'(으)로 변환하면서 데이터가 손실될 수 있습니다.
d:\github\opengl_that_star_is_my_star\that_star_is_my_star\that_star_is_my_star\main.cpp(771): warning C4244: '=': 'float'에서 'int'(으)로 변환하면서 데이터가 손실될 수 있습니다.
d:\github\opengl_that_star_is_my_star\that_star_is_my_star\that_star_is_my_star\main.cpp(773): warning C4244: '=': 'float'에서 'int'(으)로 변환하면서 데이터가 손실될 수 있습니다.
d:\github\opengl_that_star_is_my_star\that_star_is_my_star\that_star_is_my_star\main.cpp(775): warning C4244: '=': 'float'에서 'int'(으)로 변환하면서 데이터가 손실될 수 있습니다.
d:\github\opengl_that_star_is_my_star\that_star_is_my_star\that_star_is_my_star\main.cpp(776): warning C4244: '=': 'float'에서 'int'(으)로 변환하면서 데이터가 손실될 수 있습니다.
d:\github\opengl_that_star_is_my_star\that_star_is_my_star\that_star_is_my_star\main.cpp(800): warning C4244: '인수': 'double'에서 'float'(으)로 변환하면서 데이터가 손실될 수 있습니다.
d:\github\opengl_that_star_is_my_star\that_star_is_my_star\that_star_is_my_star\main.cpp(803): warning C4244: '인수': 'float'에서 'int'(으)로 변환하면서 데이터가 손실될 수 있습니다.
d:\github\opengl_that_star_is_my_star\that_star_is_my_star\that_star_is_my_star\main.cpp(873): warning C4244: '=': 'int'에서 'float'(으)로 변환하면서 데이터가 손실될 수 있습니다.
d:\github\opengl_that_star_is_my_star\that_star_is_my_star\that_star_is_my_star\main.cpp(874): warning C4244: '=': 'int'에서 'float'(으)로 변환하면서 데이터가 손실될 수 있습니다.
d:\github\opengl_that_star_is_my_star\that_star_is_my_star\that_star_is_my_star\main.cpp(1033): warning C4244: '인수': 'double'에서 'float'(으)로 변환하면서 데이터가 손실될 수 있습니다.
d:\github\opengl_that_star_is_my_star\that_star_is_my_star\that_star_is_my_star\main.cpp(819): warning C4715: 'Upper::collision': 모든 제어 경로에서 값을 반환하지는 않습니다.
  That_star_is_my_star.vcxproj -> D:\GitHub\OpenGL_That_star_is_my_star\That_star_is_my_star\Debug\That_star_is_my_star.exe
  That_star_is_my_star.vcxproj -> D:\GitHub\OpenGL_That_star_is_my_star\That_star_is_my_star\Debug\That_star_is_my_star.pdb (Full PDB)
